<?xml version="1.0" encoding="UTF-8"?>
<testsuite xmlns:xsi="http://www.w3.org/2001/XMLSchema-instance" xsi:noNamespaceSchemaLocation="https://maven.apache.org/surefire/maven-surefire-plugin/xsd/surefire-test-report-3.0.xsd" version="3.0" name="cucumber.Options.TestRunner" time="30.339" tests="1" errors="0" skipped="0" failures="0">
  <properties>
[...]
</properties>
  <testcase name="if Delete Place functionality is working fine" classname="validating Place APIs" time="24.199">
    <system-out><![CDATA[maps/api/place/add/json
maps/api/place/get/json
c11c0d5517af8655d760bd0812168fbf
maps/api/place/delete/json
]]></system-out>
  </testcase>
</testsuite>