<?xml version="1.0" encoding="UTF-8"?>
<testsuite xmlns:xsi="http://www.w3.org/2001/XMLSchema-instance" xsi:noNamespaceSchemaLocation="https://maven.apache.org/surefire/maven-surefire-plugin/xsd/surefire-test-report.xsd" name="cucumber.Options.TestRunner" time="8.596" tests="2" errors="0" skipped="0" failures="0">
  <properties>
[...]
</properties>
  <testcase name="Verify if place is added successfully added using AddPlaceAPI" classname="validating Place APIs" time="5.937"/>
  <testcase name="if Delete Place functionality is working fine" classname="validating Place APIs" time="1.847"/>
</testsuite>